<?xml version="1.0" encoding="UTF-8"?>
<!-- Generated by org.testng.reporters.JUnitXMLReporter -->
<testsuite hostname="DESKTOP-0O5B5DL" ignored="0" name="Cucumber_Test" tests="2" failures="0" timestamp="13 Mar 2019 05:19:33 GMT" time="49.229" errors="0">
  <testcase name="runScenario" time="25.662" classname="cucumber.api.testng.AbstractTestNGCucumberTests"/>
  <testcase name="runScenario" time="23.059" classname="cucumber.api.testng.AbstractTestNGCucumberTests"/>
</testsuite> <!-- Cucumber_Test -->
