<?xml version="1.0" encoding="UTF-8"?>
<testng-results skipped="0" failed="0" ignored="0" total="2" passed="2">
  <reporter-output>
  </reporter-output>
  <suite name="Suite" duration-ms="49229" started-at="2019-03-13T05:18:44Z" finished-at="2019-03-13T05:19:33Z">
    <groups>
      <group name="cucumber">
        <method signature="AbstractTestNGCucumberTests.runScenario(cucumber.api.testng.PickleEventWrapper, cucumber.api.testng.CucumberFeatureWrapper)[pri:0, instance:testCucumber.Cucum_TestRunner@4973813a]" name="runScenario" class="cucumber.api.testng.AbstractTestNGCucumberTests"/>
      </group> <!-- cucumber -->
    </groups>
    <test name="Cucumber_Test" duration-ms="49229" started-at="2019-03-13T05:18:44Z" finished-at="2019-03-13T05:19:33Z">
      <class name="testCucumber.Cucum_TestRunner">
        <test-method status="PASS" signature="setUpClass()[pri:0, instance:testCucumber.Cucum_TestRunner@4973813a]" name="setUpClass" is-config="true" duration-ms="294" started-at="2019-03-13T05:18:44Z" finished-at="2019-03-13T05:18:44Z">
          <reporter-output>
          </reporter-output>
        </test-method> <!-- setUpClass -->
        <test-method status="PASS" signature="runScenario(cucumber.api.testng.PickleEventWrapper, cucumber.api.testng.CucumberFeatureWrapper)[pri:0, instance:testCucumber.Cucum_TestRunner@4973813a]" name="runScenario" duration-ms="25662" started-at="2019-03-13T05:18:44Z" description="Runs Cucumber Scenarios" data-provider="scenarios" finished-at="2019-03-13T05:19:10Z">
          <params>
            <param index="0">
              <value>
                <![CDATA["Negative Test - Use wrong UserID and Password"]]>
              </value>
            </param>
            <param index="1">
              <value>
                <![CDATA["Launch QAClickAcademy.com and Try Login with Failure Response"]]>
              </value>
            </param>
          </params>
          <reporter-output>
          </reporter-output>
        </test-method> <!-- runScenario -->
        <test-method status="PASS" signature="runScenario(cucumber.api.testng.PickleEventWrapper, cucumber.api.testng.CucumberFeatureWrapper)[pri:0, instance:testCucumber.Cucum_TestRunner@4973813a]" name="runScenario" duration-ms="23059" started-at="2019-03-13T05:19:10Z" description="Runs Cucumber Scenarios" data-provider="scenarios" finished-at="2019-03-13T05:19:33Z">
          <params>
            <param index="0">
              <value>
                <![CDATA["Negative Test - Use wrong UserID and Password"]]>
              </value>
            </param>
            <param index="1">
              <value>
                <![CDATA["Launch QAClickAcademy.com and Try Login with Failure Response"]]>
              </value>
            </param>
          </params>
          <reporter-output>
          </reporter-output>
        </test-method> <!-- runScenario -->
        <test-method status="PASS" signature="tearDownClass()[pri:0, instance:testCucumber.Cucum_TestRunner@4973813a]" name="tearDownClass" is-config="true" duration-ms="100" started-at="2019-03-13T05:19:33Z" finished-at="2019-03-13T05:19:33Z">
          <reporter-output>
          </reporter-output>
        </test-method> <!-- tearDownClass -->
      </class> <!-- testCucumber.Cucum_TestRunner -->
    </test> <!-- Cucumber_Test -->
  </suite> <!-- Suite -->
</testng-results>
